#
# There is insufficient memory for the Java Runtime Environment to continue.
# Native memory allocation (malloc) failed to allocate 32744 bytes for ChunkPool::allocate
# Possible reasons:
#   The system is out of physical RAM or swap space
#   The process is running with CompressedOops enabled, and the Java Heap may be blocking the growth of the native heap
# Possible solutions:
#   Reduce memory load on the system
#   Increase physical memory or swap space
#   Check if swap backing store is full
#   Decrease Java heap size (-Xmx/-Xms)
#   Decrease number of Java threads
#   Decrease Java thread stack sizes (-Xss)
#   Set larger code cache with -XX:ReservedCodeCacheSize=
#   JVM is running with Unscaled Compressed Oops mode in which the Java heap is
#     placed in the first 4GB address space. The Java Heap base address is the
#     maximum limit for the native heap growth. Please use -XX:HeapBaseMinAddress
#     to set the Java Heap base and to place the Java Heap above 4GB virtual address.
# This output file may be truncated or incomplete.
#
#  Out of Memory Error (arena.cpp:78), pid=159660, tid=158092
#
# JRE version: Java(TM) SE Runtime Environment (17.0.4.1+1) (build 17.0.4.1+1-LTS-2)
# Java VM: Java HotSpot(TM) 64-Bit Server VM (17.0.4.1+1-LTS-2, mixed mode, sharing, tiered, compressed oops, compressed class ptrs, g1 gc, windows-amd64)
# No core dump will be written. Minidumps are not enabled by default on client versions of Windows
#

---------------  S U M M A R Y ------------

Command Line: C:\Users\Yassine\AppData\Local\Temp\surefire4763120466698392446\surefirebooter17991942030908382086.jar C:\Users\Yassine\AppData\Local\Temp\surefire4763120466698392446 2022-10-20T10-42-23_800-jvmRun1 surefire1716720758787364041tmp surefire_08624482632707250281tmp

Host: 11th Gen Intel(R) Core(TM) i7-1165G7 @ 2.80GHz, 8 cores, 7G,  Windows 11 , 64 bit Build 22000 (10.0.22000.708)
Time: Thu Oct 20 10:42:25 2022 Maroc (heure d64 bit Build 22000 (10.0.22000.708) elapsed time: 0.841327 seconds (0d 0h 0m 0s)

---------------  T H R E A D  ---------------

Current thread (0x0000023341e40a60):  JavaThread "main" [_thread_in_vm, id=158092, stack(0x000000d741f00000,0x000000d742000000)]

Stack: [0x000000d741f00000,0x000000d742000000]
Native frames: (J=compiled Java code, j=interpreted, Vv=VM code, C=native code)
V  [jvm.dll+0x6723ba]
V  [jvm.dll+0x7d1e34]
V  [jvm.dll+0x7d35de]
V  [jvm.dll+0x7d3c43]
V  [jvm.dll+0x243065]
V  [jvm.dll+0xaa7c0]
V  [jvm.dll+0xaab0c]
V  [jvm.dll+0x1e8a4e]
V  [jvm.dll+0x1e93df]
V  [jvm.dll+0x1de891]
V  [jvm.dll+0x538bb0]
V  [jvm.dll+0x74cafd]
V  [jvm.dll+0x74ca5a]
V  [jvm.dll+0x409b24]
V  [jvm.dll+0x41d29b]
C  [java.dll+0x1657]

Java frames: (J=compiled Java code, j=interpreted, Vv=VM code)
j  java.lang.ClassLoader.defineClass0(Ljava/lang/ClassLoader;Ljava/lang/Class;Ljava/lang/String;[BIILjava/security/ProtectionDomain;ZILjava/lang/Object;)Ljava/lang/Class;+0 java.base@17.0.4.1
j  java.lang.System$2.defineClass(Ljava/lang/ClassLoader;Ljava/lang/Class;Ljava/lang/String;[BLjava/security/ProtectionDomain;ZILjava/lang/Object;)Ljava/lang/Class;+17 java.base@17.0.4.1
j  java.lang.invoke.MethodHandles$Lookup$ClassDefiner.defineClass(ZLjava/lang/Object;)Ljava/lang/Class;+54 java.base@17.0.4.1
j  java.lang.invoke.MethodHandles$Lookup$ClassDefiner.defineClassAsLookup(Z)Ljava/lang/invoke/MethodHandles$Lookup;+3 java.base@17.0.4.1
j  java.lang.invoke.MethodHandles$Lookup.defineHiddenClass([BZ[Ljava/lang/invoke/MethodHandles$Lookup$ClassOption;)Ljava/lang/invoke/MethodHandles$Lookup;+65 java.base@17.0.4.1
j  java.lang.invoke.InnerClassLambdaMetafactory.generateInnerClass()Ljava/lang/Class;+580 java.base@17.0.4.1
j  java.lang.invoke.InnerClassLambdaMetafactory.spinInnerClass()Ljava/lang/Class;+107 java.base@17.0.4.1
j  java.lang.invoke.InnerClassLambdaMetafactory.buildCallSite()Ljava/lang/invoke/CallSite;+1 java.base@17.0.4.1
j  java.lang.invoke.LambdaMetafactory.metafactory(Ljava/lang/invoke/MethodHandles$Lookup;Ljava/lang/String;Ljava/lang/invoke/MethodType;Ljava/lang/invoke/MethodType;Ljava/lang/invoke/MethodHandle;Ljava/lang/invoke/MethodType;)Ljava/lang/invoke/CallSite;+67 java.base@17.0.4.1
j  java.lang.invoke.DirectMethodHandle$Holder.invokeStatic(Ljava/lang/Object;Ljava/lang/Object;Ljava/lang/Object;Ljava/lang/Object;Ljava/lang/Object;Ljava/lang/Object;Ljava/lang/Object;)Ljava/lang/Object;+20 java.base@17.0.4.1
j  java.lang.invoke.Invokers$Holder.invokeExact_MT(Ljava/lang/Object;Ljava/lang/Object;Ljava/lang/Object;Ljava/lang/Object;Ljava/lang/Object;Ljava/lang/Object;Ljava/lang/Object;Ljava/lang/Object;)Ljava/lang/Object;+28 java.base@17.0.4.1
j  java.lang.invoke.BootstrapMethodInvoker.invoke(Ljava/lang/Class;Ljava/lang/invoke/MethodHandle;Ljava/lang/String;Ljava/lang/Object;Ljava/lang/Object;Ljava/lang/Class;)Ljava/lang/Object;+319 java.base@17.0.4.1
j  java.lang.invoke.CallSite.makeSite(Ljava/lang/invoke/MethodHandle;Ljava/lang/String;Ljava/lang/invoke/MethodType;Ljava/lang/Object;Ljava/lang/Class;)Ljava/lang/invoke/CallSite;+8 java.base@17.0.4.1
j  java.lang.invoke.MethodHandleNatives.linkCallSiteImpl(Ljava/lang/Class;Ljava/lang/invoke/MethodHandle;Ljava/lang/String;Ljava/lang/invoke/MethodType;Ljava/lang/Object;[Ljava/lang/Object;)Ljava/lang/invoke/MemberName;+6 java.base@17.0.4.1
j  java.lang.invoke.MethodHandleNatives.linkCallSite(Ljava/lang/Object;ILjava/lang/Object;Ljava/lang/Object;Ljava/lang/Object;Ljava/lang/Object;[Ljava/lang/Object;)Ljava/lang/invoke/MemberName;+46 java.base@17.0.4.1
v  ~StubRoutines::call_stub
j  org.junit.platform.engine.UniqueIdFormat.<init>(CCCC)V+171
j  org.junit.platform.engine.UniqueIdFormat.<clinit>()V+12
v  ~StubRoutines::call_stub
j  org.junit.platform.engine.UniqueId.root(Ljava/lang/String;Ljava/lang/String;)Lorg/junit/platform/engine/UniqueId;+4
j  org.junit.platform.engine.UniqueId.forEngine(Ljava/lang/String;)Lorg/junit/platform/engine/UniqueId;+10
j  org.junit.platform.launcher.core.DefaultLauncher.discoverEngineRoot(Lorg/junit/platform/engine/TestEngine;Lorg/junit/platform/launcher/LauncherDiscoveryRequest;)Ljava/util/Optional;+6
j  org.junit.platform.launcher.core.DefaultLauncher.discoverRoot(Lorg/junit/platform/launcher/LauncherDiscoveryRequest;Ljava/lang/String;)Lorg/junit/platform/launcher/core/Root;+120
j  org.junit.platform.launcher.core.DefaultLauncher.discover(Lorg/junit/platform/launcher/LauncherDiscoveryRequest;)Lorg/junit/platform/launcher/TestPlan;+11
j  org.apache.maven.surefire.junitplatform.TestPlanScannerFilter.accept(Ljava/lang/Class;)Z+33
j  org.apache.maven.surefire.util.DefaultScanResult.applyFilter(Lorg/apache/maven/surefire/util/ScannerFilter;Ljava/lang/ClassLoader;)Lorg/apache/maven/surefire/util/TestsToRun;+47
j  org.apache.maven.surefire.junitplatform.JUnitPlatformProvider.scanClasspath()Lorg/apache/maven/surefire/util/TestsToRun;+37
j  org.apache.maven.surefire.junitplatform.JUnitPlatformProvider.invoke(Ljava/lang/Object;)Lorg/apache/maven/surefire/suite/RunResult;+75
j  org.apache.maven.surefire.booter.ForkedBooter.invokeProviderInSameClassLoader(Lorg/apache/maven/surefire/booter/ForkingReporterFactory;)Lorg/apache/maven/surefire/suite/RunResult;+9
j  org.apache.maven.surefire.booter.ForkedBooter.runSuitesInProcess()Lorg/apache/maven/surefire/suite/RunResult;+7
j  org.apache.maven.surefire.booter.ForkedBooter.execute()V+1
j  org.apache.maven.surefire.booter.ForkedBooter.main([Ljava/lang/String;)V+35
v  ~StubRoutines::call_stub

---------------  P R O C E S S  ---------------

Threads class SMR info:
_java_thread_list=0x0000023360a6e420, length=14, elements={
0x0000023341e40a60, 0x000002335fe370b0, 0x000002335fe37f80, 0x000002335fe4f2e0,
0x000002335fe4fba0, 0x000002335fe50460, 0x000002335fe54220, 0x000002335fe54e10,
0x000002335fe607f0, 0x0000023360818050, 0x000002336090cf40, 0x000002336091baf0,
0x00000233609391c0, 0x0000023360a92ae0
}

Java Threads: ( => current thread )
=>0x0000023341e40a60 JavaThread "main" [_thread_in_vm, id=158092, stack(0x000000d741f00000,0x000000d742000000)]
  0x000002335fe370b0 JavaThread "Reference Handler" daemon [_thread_blocked, id=159204, stack(0x000000d742600000,0x000000d742700000)]
  0x000002335fe37f80 JavaThread "Finalizer" daemon [_thread_blocked, id=159272, stack(0x000000d742700000,0x000000d742800000)]
  0x000002335fe4f2e0 JavaThread "Signal Dispatcher" daemon [_thread_blocked, id=154472, stack(0x000000d742800000,0x000000d742900000)]
  0x000002335fe4fba0 JavaThread "Attach Listener" daemon [_thread_blocked, id=142444, stack(0x000000d742900000,0x000000d742a00000)]
  0x000002335fe50460 JavaThread "Service Thread" daemon [_thread_blocked, id=159364, stack(0x000000d742a00000,0x000000d742b00000)]
  0x000002335fe54220 JavaThread "Monitor Deflation Thread" daemon [_thread_blocked, id=153484, stack(0x000000d742b00000,0x000000d742c00000)]
  0x000002335fe54e10 JavaThread "C2 CompilerThread0" daemon [_thread_in_native, id=159708, stack(0x000000d742c00000,0x000000d742d00000)]
  0x000002335fe607f0 JavaThread "C1 CompilerThread0" daemon [_thread_blocked, id=159356, stack(0x000000d742d00000,0x000000d742e00000)]
  0x0000023360818050 JavaThread "Sweeper thread" daemon [_thread_blocked, id=159716, stack(0x000000d742e00000,0x000000d742f00000)]
  0x000002336090cf40 JavaThread "Notification Thread" daemon [_thread_blocked, id=159668, stack(0x000000d742f00000,0x000000d743000000)]
  0x000002336091baf0 JavaThread "Common-Cleaner" daemon [_thread_blocked, id=158088, stack(0x000000d743100000,0x000000d743200000)]
  0x00000233609391c0 JavaThread "surefire-forkedjvm-command-thread" daemon [_thread_in_native, id=158644, stack(0x000000d743200000,0x000000d743300000)]
  0x0000023360a92ae0 JavaThread "surefire-forkedjvm-ping-30s" daemon [_thread_in_native, id=157840, stack(0x000000d743300000,0x000000d743400000)]

Other Threads:
  0x000002335fe31800 VMThread "VM Thread" [stack: 0x000000d742500000,0x000000d742600000] [id=158408]
  0x000002336091b860 WatcherThread [stack: 0x000000d743000000,0x000000d743100000] [id=159492]
  0x0000023341e9aa40 GCTaskThread "GC Thread#0" [stack: 0x000000d742000000,0x000000d742100000] [id=154508]
  0x0000023341eab330 ConcurrentGCThread "G1 Main Marker" [stack: 0x000000d742100000,0x000000d742200000] [id=159592]
  0x0000023341ead400 ConcurrentGCThread "G1 Conc#0" [stack: 0x000000d742200000,0x000000d742300000] [id=159168]
  0x0000023341f1e130 ConcurrentGCThread "G1 Refine#0" [stack: 0x000000d742300000,0x000000d742400000] [id=159732]
  0x0000023341f1e800 ConcurrentGCThread "G1 Service" [stack: 0x000000d742400000,0x000000d742500000] [id=146144]

Threads with active compile tasks:
C2 CompilerThread0      881  720       4       java.util.jar.JarFile::getEntry (35 bytes)

VM state: not at safepoint (normal execution)

VM Mutex/Monitor currently owned by a thread: None

Heap address: 0x0000000083600000, size: 1994 MB, Compressed Oops mode: 32-bit

CDS archive(s) mapped at: [0x0000000800000000-0x0000000800bc0000-0x0000000800bc0000), size 12320768, SharedBaseAddress: 0x0000000800000000, ArchiveRelocationMode: 0.
Compressed class space mapped at: 0x0000000800c00000-0x0000000840c00000, reserved size: 1073741824
Narrow klass base: 0x0000000800000000, Narrow klass shift: 0, Narrow klass range: 0x100000000

GC Precious Log:
 CPUs: 8 total, 8 available
 Memory: 7975M
 Large Page Support: Disabled
 NUMA Support: Disabled
 Compressed Oops: Enabled (32-bit)
 Heap Region Size: 1M
 Heap Min Capacity: 8M
 Heap Initial Capacity: 126M
 Heap Max Capacity: 1994M
 Pre-touch: Disabled
 Parallel Workers: 8
 Concurrent Workers: 2
 Concurrent Refinement Workers: 8
 Periodic GC: Disabled

Heap:
 garbage-first heap   total 129024K, used 16384K [0x0000000083600000, 0x0000000100000000)
  region size 1024K, 15 young (15360K), 0 survivors (0K)
 Metaspace       used 2546K, committed 2688K, reserved 1056768K
  class space    used 252K, committed 320K, reserved 1048576K

Heap Regions: E=young(eden), S=young(survivor), O=old, HS=humongous(starts), HC=humongous(continues), CS=collection set, F=free, OA=open archive, CA=closed archive, TAMS=top-at-mark-start (previous, next)
|   0|0x0000000083600000, 0x0000000083700000, 0x0000000083700000|100%|HS|  |TAMS 0x0000000083600000, 0x0000000083600000| Complete 
|   1|0x0000000083700000, 0x0000000083800000, 0x0000000083800000|100%|HS|  |TAMS 0x0000000083700000, 0x0000000083700000| Complete 
|   2|0x0000000083800000, 0x0000000083800000, 0x0000000083900000|  0%| F|  |TAMS 0x0000000083800000, 0x0000000083800000| Untracked 
|   3|0x0000000083900000, 0x0000000083900000, 0x0000000083a00000|  0%| F|  |TAMS 0x0000000083900000, 0x0000000083900000| Untracked 
|   4|0x0000000083a00000, 0x0000000083a00000, 0x0000000083b00000|  0%| F|  |TAMS 0x0000000083a00000, 0x0000000083a00000| Untracked 
|   5|0x0000000083b00000, 0x0000000083b00000, 0x0000000083c00000|  0%| F|  |TAMS 0x0000000083b00000, 0x0000000083b00000| Untracked 
|   6|0x0000000083c00000, 0x0000000083c00000, 0x0000000083d00000|  0%| F|  |TAMS 0x0000000083c00000, 0x0000000083c00000| Untracked 
|   7|0x0000000083d00000, 0x0000000083d00000, 0x0000000083e00000|  0%| F|  |TAMS 0x0000000083d00000, 0x0000000083d00000| Untracked 
|   8|0x0000000083e00000, 0x0000000083e00000, 0x0000000083f00000|  0%| F|  |TAMS 0x0000000083e00000, 0x0000000083e00000| Untracked 
|   9|0x0000000083f00000, 0x0000000083f00000, 0x0000000084000000|  0%| F|  |TAMS 0x0000000083f00000, 0x0000000083f00000| Untracked 
|  10|0x0000000084000000, 0x0000000084000000, 0x0000000084100000|  0%| F|  |TAMS 0x0000000084000000, 0x0000000084000000| Untracked 
|  11|0x0000000084100000, 0x0000000084100000, 0x0000000084200000|  0%| F|  |TAMS 0x0000000084100000, 0x0000000084100000| Untracked 
|  12|0x0000000084200000, 0x0000000084200000, 0x0000000084300000|  0%| F|  |TAMS 0x0000000084200000, 0x0000000084200000| Untracked 
|  13|0x0000000084300000, 0x0000000084300000, 0x0000000084400000|  0%| F|  |TAMS 0x0000000084300000, 0x0000000084300000| Untracked 
|  14|0x0000000084400000, 0x0000000084400000, 0x0000000084500000|  0%| F|  |TAMS 0x0000000084400000, 0x0000000084400000| Untracked 
|  15|0x0000000084500000, 0x0000000084500000, 0x0000000084600000|  0%| F|  |TAMS 0x0000000084500000, 0x0000000084500000| Untracked 
|  16|0x0000000084600000, 0x0000000084600000, 0x0000000084700000|  0%| F|  |TAMS 0x0000000084600000, 0x0000000084600000| Untracked 
|  17|0x0000000084700000, 0x0000000084700000, 0x0000000084800000|  0%| F|  |TAMS 0x0000000084700000, 0x0000000084700000| Untracked 
|  18|0x0000000084800000, 0x0000000084800000, 0x0000000084900000|  0%| F|  |TAMS 0x0000000084800000, 0x0000000084800000| Untracked 
|  19|0x0000000084900000, 0x0000000084900000, 0x0000000084a00000|  0%| F|  |TAMS 0x0000000084900000, 0x0000000084900000| Untracked 
|  20|0x0000000084a00000, 0x0000000084a00000, 0x0000000084b00000|  0%| F|  |TAMS 0x0000000084a00000, 0x0000000084a00000| Untracked 
|  21|0x0000000084b00000, 0x0000000084b00000, 0x0000000084c00000|  0%| F|  |TAMS 0x0000000084b00000, 0x0000000084b00000| Untracked 
|  22|0x0000000084c00000, 0x0000000084c00000, 0x0000000084d00000|  0%| F|  |TAMS 0x0000000084c00000, 0x0000000084c00000| Untracked 
|  23|0x0000000084d00000, 0x0000000084d00000, 0x0000000084e00000|  0%| F|  |TAMS 0x0000000084d00000, 0x0000000084d00000| Untracked 
|  24|0x0000000084e00000, 0x0000000084e00000, 0x0000000084f00000|  0%| F|  |TAMS 0x0000000084e00000, 0x0000000084e00000| Untracked 
|  25|0x0000000084f00000, 0x0000000084f00000, 0x0000000085000000|  0%| F|  |TAMS 0x0000000084f00000, 0x0000000084f00000| Untracked 
|  26|0x0000000085000000, 0x0000000085000000, 0x0000000085100000|  0%| F|  |TAMS 0x0000000085000000, 0x0000000085000000| Untracked 
|  27|0x0000000085100000, 0x0000000085100000, 0x0000000085200000|  0%| F|  |TAMS 0x0000000085100000, 0x0000000085100000| Untracked 
|  28|0x0000000085200000, 0x0000000085200000, 0x0000000085300000|  0%| F|  |TAMS 0x0000000085200000, 0x0000000085200000| Untracked 
|  29|0x0000000085300000, 0x0000000085300000, 0x0000000085400000|  0%| F|  |TAMS 0x0000000085300000, 0x0000000085300000| Untracked 
|  30|0x0000000085400000, 0x0000000085400000, 0x0000000085500000|  0%| F|  |TAMS 0x0000000085400000, 0x0000000085400000| Untracked 
|  31|0x0000000085500000, 0x0000000085500000, 0x0000000085600000|  0%| F|  |TAMS 0x0000000085500000, 0x0000000085500000| Untracked 
|  32|0x0000000085600000, 0x0000000085600000, 0x0000000085700000|  0%| F|  |TAMS 0x0000000085600000, 0x0000000085600000| Untracked 
|  33|0x0000000085700000, 0x0000000085700000, 0x0000000085800000|  0%| F|  |TAMS 0x0000000085700000, 0x0000000085700000| Untracked 
|  34|0x0000000085800000, 0x0000000085800000, 0x0000000085900000|  0%| F|  |TAMS 0x0000000085800000, 0x0000000085800000| Untracked 
|  35|0x0000000085900000, 0x0000000085900000, 0x0000000085a00000|  0%| F|  |TAMS 0x0000000085900000, 0x0000000085900000| Untracked 
|  36|0x0000000085a00000, 0x0000000085a00000, 0x0000000085b00000|  0%| F|  |TAMS 0x0000000085a00000, 0x0000000085a00000| Untracked 
|  37|0x0000000085b00000, 0x0000000085b00000, 0x0000000085c00000|  0%| F|  |TAMS 0x0000000085b00000, 0x0000000085b00000| Untracked 
|  38|0x0000000085c00000, 0x0000000085c00000, 0x0000000085d00000|  0%| F|  |TAMS 0x0000000085c00000, 0x0000000085c00000| Untracked 
|  39|0x0000000085d00000, 0x0000000085d00000, 0x0000000085e00000|  0%| F|  |TAMS 0x0000000085d00000, 0x0000000085d00000| Untracked 
|  40|0x0000000085e00000, 0x0000000085e00000, 0x0000000085f00000|  0%| F|  |TAMS 0x0000000085e00000, 0x0000000085e00000| Untracked 
|  41|0x0000000085f00000, 0x0000000085f00000, 0x0000000086000000|  0%| F|  |TAMS 0x0000000085f00000, 0x0000000085f00000| Untracked 
|  42|0x0000000086000000, 0x0000000086000000, 0x0000000086100000|  0%| F|  |TAMS 0x0000000086000000, 0x0000000086000000| Untracked 
|  43|0x0000000086100000, 0x0000000086100000, 0x0000000086200000|  0%| F|  |TAMS 0x0000000086100000, 0x0000000086100000| Untracked 
|  44|0x0000000086200000, 0x0000000086200000, 0x0000000086300000|  0%| F|  |TAMS 0x0000000086200000, 0x0000000086200000| Untracked 
|  45|0x0000000086300000, 0x0000000086300000, 0x0000000086400000|  0%| F|  |TAMS 0x0000000086300000, 0x0000000086300000| Untracked 
|  46|0x0000000086400000, 0x0000000086400000, 0x0000000086500000|  0%| F|  |TAMS 0x0000000086400000, 0x0000000086400000| Untracked 
|  47|0x0000000086500000, 0x0000000086500000, 0x0000000086600000|  0%| F|  |TAMS 0x0000000086500000, 0x0000000086500000| Untracked 
|  48|0x0000000086600000, 0x0000000086600000, 0x0000000086700000|  0%| F|  |TAMS 0x0000000086600000, 0x0000000086600000| Untracked 
|  49|0x0000000086700000, 0x0000000086700000, 0x0000000086800000|  0%| F|  |TAMS 0x0000000086700000, 0x0000000086700000| Untracked 
|  50|0x0000000086800000, 0x0000000086800000, 0x0000000086900000|  0%| F|  |TAMS 0x0000000086800000, 0x0000000086800000| Untracked 
|  51|0x0000000086900000, 0x0000000086900000, 0x0000000086a00000|  0%| F|  |TAMS 0x0000000086900000, 0x0000000086900000| Untracked 
|  52|0x0000000086a00000, 0x0000000086a00000, 0x0000000086b00000|  0%| F|  |TAMS 0x0000000086a00000, 0x0000000086a00000| Untracked 
|  53|0x0000000086b00000, 0x0000000086b00000, 0x0000000086c00000|  0%| F|  |TAMS 0x0000000086b00000, 0x0000000086b00000| Untracked 
|  54|0x0000000086c00000, 0x0000000086c00000, 0x0000000086d00000|  0%| F|  |TAMS 0x0000000086c00000, 0x0000000086c00000| Untracked 
|  55|0x0000000086d00000, 0x0000000086d00000, 0x0000000086e00000|  0%| F|  |TAMS 0x0000000086d00000, 0x0000000086d00000| Untracked 
|  56|0x0000000086e00000, 0x0000000086e00000, 0x0000000086f00000|  0%| F|  |TAMS 0x0000000086e00000, 0x0000000086e00000| Untracked 
|  57|0x0000000086f00000, 0x0000000086f00000, 0x0000000087000000|  0%| F|  |TAMS 0x0000000086f00000, 0x0000000086f00000| Untracked 
|  58|0x0000000087000000, 0x0000000087000000, 0x0000000087100000|  0%| F|  |TAMS 0x0000000087000000, 0x0000000087000000| Untracked 
|  59|0x0000000087100000, 0x0000000087100000, 0x0000000087200000|  0%| F|  |TAMS 0x0000000087100000, 0x0000000087100000| Untracked 
|  60|0x0000000087200000, 0x0000000087200000, 0x0000000087300000|  0%| F|  |TAMS 0x0000000087200000, 0x0000000087200000| Untracked 
|  61|0x0000000087300000, 0x0000000087300000, 0x0000000087400000|  0%| F|  |TAMS 0x0000000087300000, 0x0000000087300000| Untracked 
|  62|0x0000000087400000, 0x0000000087400000, 0x0000000087500000|  0%| F|  |TAMS 0x0000000087400000, 0x0000000087400000| Untracked 
|  63|0x0000000087500000, 0x0000000087500000, 0x0000000087600000|  0%| F|  |TAMS 0x0000000087500000, 0x0000000087500000| Untracked 
|  64|0x0000000087600000, 0x0000000087600000, 0x0000000087700000|  0%| F|  |TAMS 0x0000000087600000, 0x0000000087600000| Untracked 
|  65|0x0000000087700000, 0x0000000087700000, 0x0000000087800000|  0%| F|  |TAMS 0x0000000087700000, 0x0000000087700000| Untracked 
|  66|0x0000000087800000, 0x0000000087800000, 0x0000000087900000|  0%| F|  |TAMS 0x0000000087800000, 0x0000000087800000| Untracked 
|  67|0x0000000087900000, 0x0000000087900000, 0x0000000087a00000|  0%| F|  |TAMS 0x0000000087900000, 0x0000000087900000| Untracked 
|  68|0x0000000087a00000, 0x0000000087a00000, 0x0000000087b00000|  0%| F|  |TAMS 0x0000000087a00000, 0x0000000087a00000| Untracked 
|  69|0x0000000087b00000, 0x0000000087b00000, 0x0000000087c00000|  0%| F|  |TAMS 0x0000000087b00000, 0x0000000087b00000| Untracked 
|  70|0x0000000087c00000, 0x0000000087c00000, 0x0000000087d00000|  0%| F|  |TAMS 0x0000000087c00000, 0x0000000087c00000| Untracked 
|  71|0x0000000087d00000, 0x0000000087d00000, 0x0000000087e00000|  0%| F|  |TAMS 0x0000000087d00000, 0x0000000087d00000| Untracked 
|  72|0x0000000087e00000, 0x0000000087e00000, 0x0000000087f00000|  0%| F|  |TAMS 0x0000000087e00000, 0x0000000087e00000| Untracked 
|  73|0x0000000087f00000, 0x0000000087f00000, 0x0000000088000000|  0%| F|  |TAMS 0x0000000087f00000, 0x0000000087f00000| Untracked 
|  74|0x0000000088000000, 0x0000000088000000, 0x0000000088100000|  0%| F|  |TAMS 0x0000000088000000, 0x0000000088000000| Untracked 
|  75|0x0000000088100000, 0x0000000088100000, 0x0000000088200000|  0%| F|  |TAMS 0x0000000088100000, 0x0000000088100000| Untracked 
|  76|0x0000000088200000, 0x0000000088200000, 0x0000000088300000|  0%| F|  |TAMS 0x0000000088200000, 0x0000000088200000| Untracked 
|  77|0x0000000088300000, 0x0000000088300000, 0x0000000088400000|  0%| F|  |TAMS 0x0000000088300000, 0x0000000088300000| Untracked 
|  78|0x0000000088400000, 0x0000000088400000, 0x0000000088500000|  0%| F|  |TAMS 0x0000000088400000, 0x0000000088400000| Untracked 
|  79|0x0000000088500000, 0x0000000088500000, 0x0000000088600000|  0%| F|  |TAMS 0x0000000088500000, 0x0000000088500000| Untracked 
|  80|0x0000000088600000, 0x0000000088600000, 0x0000000088700000|  0%| F|  |TAMS 0x0000000088600000, 0x0000000088600000| Untracked 
|  81|0x0000000088700000, 0x0000000088700000, 0x0000000088800000|  0%| F|  |TAMS 0x0000000088700000, 0x0000000088700000| Untracked 
|  82|0x0000000088800000, 0x0000000088800000, 0x0000000088900000|  0%| F|  |TAMS 0x0000000088800000, 0x0000000088800000| Untracked 
|  83|0x0000000088900000, 0x0000000088900000, 0x0000000088a00000|  0%| F|  |TAMS 0x0000000088900000, 0x0000000088900000| Untracked 
|  84|0x0000000088a00000, 0x0000000088a00000, 0x0000000088b00000|  0%| F|  |TAMS 0x0000000088a00000, 0x0000000088a00000| Untracked 
|  85|0x0000000088b00000, 0x0000000088b00000, 0x0000000088c00000|  0%| F|  |TAMS 0x0000000088b00000, 0x0000000088b00000| Untracked 
|  86|0x0000000088c00000, 0x0000000088c00000, 0x0000000088d00000|  0%| F|  |TAMS 0x0000000088c00000, 0x0000000088c00000| Untracked 
|  87|0x0000000088d00000, 0x0000000088d00000, 0x0000000088e00000|  0%| F|  |TAMS 0x0000000088d00000, 0x0000000088d00000| Untracked 
|  88|0x0000000088e00000, 0x0000000088e00000, 0x0000000088f00000|  0%| F|  |TAMS 0x0000000088e00000, 0x0000000088e00000| Untracked 
|  89|0x0000000088f00000, 0x0000000088f00000, 0x0000000089000000|  0%| F|  |TAMS 0x0000000088f00000, 0x0000000088f00000| Untracked 
|  90|0x0000000089000000, 0x0000000089000000, 0x0000000089100000|  0%| F|  |TAMS 0x0000000089000000, 0x0000000089000000| Untracked 
|  91|0x0000000089100000, 0x0000000089100000, 0x0000000089200000|  0%| F|  |TAMS 0x0000000089100000, 0x0000000089100000| Untracked 
|  92|0x0000000089200000, 0x0000000089200000, 0x0000000089300000|  0%| F|  |TAMS 0x0000000089200000, 0x0000000089200000| Untracked 
|  93|0x0000000089300000, 0x0000000089300000, 0x0000000089400000|  0%| F|  |TAMS 0x0000000089300000, 0x0000000089300000| Untracked 
|  94|0x0000000089400000, 0x0000000089400000, 0x0000000089500000|  0%| F|  |TAMS 0x0000000089400000, 0x0000000089400000| Untracked 
|  95|0x0000000089500000, 0x0000000089500000, 0x0000000089600000|  0%| F|  |TAMS 0x0000000089500000, 0x0000000089500000| Untracked 
|  96|0x0000000089600000, 0x0000000089600000, 0x0000000089700000|  0%| F|  |TAMS 0x0000000089600000, 0x0000000089600000| Untracked 
|  97|0x0000000089700000, 0x0000000089700000, 0x0000000089800000|  0%| F|  |TAMS 0x0000000089700000, 0x0000000089700000| Untracked 
|  98|0x0000000089800000, 0x0000000089800000, 0x0000000089900000|  0%| F|  |TAMS 0x0000000089800000, 0x0000000089800000| Untracked 
|  99|0x0000000089900000, 0x0000000089900000, 0x0000000089a00000|  0%| F|  |TAMS 0x0000000089900000, 0x0000000089900000| Untracked 
| 100|0x0000000089a00000, 0x0000000089a00000, 0x0000000089b00000|  0%| F|  |TAMS 0x0000000089a00000, 0x0000000089a00000| Untracked 
| 101|0x0000000089b00000, 0x0000000089b00000, 0x0000000089c00000|  0%| F|  |TAMS 0x0000000089b00000, 0x0000000089b00000| Untracked 
| 102|0x0000000089c00000, 0x0000000089c00000, 0x0000000089d00000|  0%| F|  |TAMS 0x0000000089c00000, 0x0000000089c00000| Untracked 
| 103|0x0000000089d00000, 0x0000000089d00000, 0x0000000089e00000|  0%| F|  |TAMS 0x0000000089d00000, 0x0000000089d00000| Untracked 
| 104|0x0000000089e00000, 0x0000000089e00000, 0x0000000089f00000|  0%| F|  |TAMS 0x0000000089e00000, 0x0000000089e00000| Untracked 
| 105|0x0000000089f00000, 0x0000000089f00000, 0x000000008a000000|  0%| F|  |TAMS 0x0000000089f00000, 0x0000000089f00000| Untracked 
| 106|0x000000008a000000, 0x000000008a000000, 0x000000008a100000|  0%| F|  |TAMS 0x000000008a000000, 0x000000008a000000| Untracked 
| 107|0x000000008a100000, 0x000000008a100000, 0x000000008a200000|  0%| F|  |TAMS 0x000000008a100000, 0x000000008a100000| Untracked 
| 108|0x000000008a200000, 0x000000008a200000, 0x000000008a300000|  0%| F|  |TAMS 0x000000008a200000, 0x000000008a200000| Untracked 
| 109|0x000000008a300000, 0x000000008a300000, 0x000000008a400000|  0%| F|  |TAMS 0x000000008a300000, 0x000000008a300000| Untracked 
| 110|0x000000008a400000, 0x000000008a400000, 0x000000008a500000|  0%| F|  |TAMS 0x000000008a400000, 0x000000008a400000| Untracked 
| 111|0x000000008a500000, 0x000000008a5efe00, 0x000000008a600000| 93%| E|  |TAMS 0x000000008a500000, 0x000000008a500000| Complete 
| 112|0x000000008a600000, 0x000000008a700000, 0x000000008a700000|100%| E|CS|TAMS 0x000000008a600000, 0x000000008a600000| Complete 
| 113|0x000000008a700000, 0x000000008a800000, 0x000000008a800000|100%| E|CS|TAMS 0x000000008a700000, 0x000000008a700000| Complete 
| 114|0x000000008a800000, 0x000000008a900000, 0x000000008a900000|100%| E|CS|TAMS 0x000000008a800000, 0x000000008a800000| Complete 
| 115|0x000000008a900000, 0x000000008aa00000, 0x000000008aa00000|100%| E|CS|TAMS 0x000000008a900000, 0x000000008a900000| Complete 
| 116|0x000000008aa00000, 0x000000008ab00000, 0x000000008ab00000|100%| E|CS|TAMS 0x000000008aa00000, 0x000000008aa00000| Complete 
| 117|0x000000008ab00000, 0x000000008ac00000, 0x000000008ac00000|100%| E|CS|TAMS 0x000000008ab00000, 0x000000008ab00000| Complete 
| 118|0x000000008ac00000, 0x000000008ad00000, 0x000000008ad00000|100%| E|CS|TAMS 0x000000008ac00000, 0x000000008ac00000| Complete 
| 119|0x000000008ad00000, 0x000000008ae00000, 0x000000008ae00000|100%| E|CS|TAMS 0x000000008ad00000, 0x000000008ad00000| Complete 
| 120|0x000000008ae00000, 0x000000008af00000, 0x000000008af00000|100%| E|CS|TAMS 0x000000008ae00000, 0x000000008ae00000| Complete 
| 121|0x000000008af00000, 0x000000008b000000, 0x000000008b000000|100%| E|CS|TAMS 0x000000008af00000, 0x000000008af00000| Complete 
| 122|0x000000008b000000, 0x000000008b100000, 0x000000008b100000|100%| E|CS|TAMS 0x000000008b000000, 0x000000008b000000| Complete 
| 123|0x000000008b100000, 0x000000008b200000, 0x000000008b200000|100%| E|CS|TAMS 0x000000008b100000, 0x000000008b100000| Complete 
| 124|0x000000008b200000, 0x000000008b300000, 0x000000008b300000|100%| E|CS|TAMS 0x000000008b200000, 0x000000008b200000| Complete 
| 125|0x000000008b300000, 0x000000008b400000, 0x000000008b400000|100%| E|CS|TAMS 0x000000008b300000, 0x000000008b300000| Complete 

Card table byte_map: [0x0000023358de0000,0x00000233591d0000] _byte_map_base: 0x00000233589c5000

Marking Bits (Prev, Next): (CMBitMap*) 0x0000023341e9af60, (CMBitMap*) 0x0000023341e9afa0
 Prev Bits: [0x00000233595c0000, 0x000002335b4e8000)
 Next Bits: [0x000002335b4f0000, 0x000002335d418000)

Polling page: 0x000002333fe30000

Metaspace:

Usage:
  Non-class:      2.24 MB used.
      Class:    252.54 KB used.
       Both:      2.49 MB used.

Virtual space:
  Non-class space:        8.00 MB reserved,       2.31 MB ( 29%) committed,  1 nodes.
      Class space:        1.00 GB reserved,     320.00 KB ( <1%) committed,  1 nodes.
             Both:        1.01 GB reserved,       2.62 MB ( <1%) committed. 

Chunk freelists:
   Non-Class:  3.26 MB
       Class:  3.64 MB
        Both:  6.90 MB

MaxMetaspaceSize: unlimited
CompressedClassSpaceSize: 1.00 GB
Initial GC threshold: 21.00 MB
Current GC threshold: 21.00 MB
CDS: on
MetaspaceReclaimPolicy: balanced
 - commit_granule_bytes: 65536.
 - commit_granule_words: 8192.
 - virtual_space_node_default_size: 1048576.
 - enlarge_chunks_in_place: 1.
 - new_chunks_are_fully_committed: 0.
 - uncommit_free_chunks: 1.
 - use_allocation_guard: 0.
 - handle_deallocations: 1.


Internal statistics:

num_allocs_failed_limit: 0.
num_arena_births: 34.
num_arena_deaths: 0.
num_vsnodes_births: 2.
num_vsnodes_deaths: 0.
num_space_committed: 42.
num_space_uncommitted: 0.
num_chunks_returned_to_freelist: 0.
num_chunks_taken_from_freelist: 83.
num_chunk_merges: 0.
num_chunk_splits: 51.
num_chunks_enlarged: 36.
num_purges: 0.
num_inconsistent_stats: 0.

CodeHeap 'non-profiled nmethods': size=120000Kb used=223Kb max_used=223Kb free=119776Kb
 bounds [0x0000023351190000, 0x0000023351400000, 0x00000233586c0000]
CodeHeap 'profiled nmethods': size=120000Kb used=1308Kb max_used=1308Kb free=118691Kb
 bounds [0x0000023349c60000, 0x0000023349ed0000, 0x0000023351190000]
CodeHeap 'non-nmethods': size=5760Kb used=1156Kb max_used=1170Kb free=4603Kb
 bounds [0x00000233496c0000, 0x0000023349930000, 0x0000023349c60000]
 total_blobs=1175 nmethods=743 adapters=345
 compilation: enabled
              stopped_count=0, restarted_count=0
 full_count=0

Compilation events (20 events):
Event: 0.825 Thread 0x000002335fe607f0 nmethod 736 0x00000233511c7690 code [0x00000233511c7820, 0x00000233511c78f8]
Event: 0.826 Thread 0x000002335fe607f0  737       3       java.lang.invoke.MemberName::isStatic (8 bytes)
Event: 0.826 Thread 0x000002335fe607f0 nmethod 737 0x0000023349d9db10 code [0x0000023349d9dca0, 0x0000023349d9de78]
Event: 0.826 Thread 0x000002335fe607f0  738       3       java.lang.invoke.MethodTypeForm::canonicalize (59 bytes)
Event: 0.826 Thread 0x000002335fe607f0 nmethod 738 0x0000023349d9df10 code [0x0000023349d9e0e0, 0x0000023349d9e3e8]
Event: 0.826 Thread 0x000002335fe607f0  739       3       java.lang.invoke.MethodType$ConcurrentWeakInternSet::add (66 bytes)
Event: 0.827 Thread 0x000002335fe607f0 nmethod 739 0x0000023349d9e510 code [0x0000023349d9e7a0, 0x0000023349d9f5c8]
Event: 0.828 Thread 0x000002335fe607f0  740       3       jdk.internal.loader.ClassLoaders$AppClassLoader::loadClass (40 bytes)
Event: 0.829 Thread 0x000002335fe607f0 nmethod 740 0x0000023349d9fb10 code [0x0000023349d9fd60, 0x0000023349da06b8]
Event: 0.832 Thread 0x000002335fe607f0  741       3       java.lang.String::checkIndex (48 bytes)
Event: 0.832 Thread 0x000002335fe607f0 nmethod 741 0x0000023349da0a90 code [0x0000023349da0ce0, 0x0000023349da14b8]
Event: 0.833 Thread 0x000002335fe607f0  743       3       java.lang.invoke.LambdaForm$BasicType::basicType (19 bytes)
Event: 0.833 Thread 0x000002335fe607f0 nmethod 743 0x0000023349da1810 code [0x0000023349da19e0, 0x0000023349da1c38]
Event: 0.833 Thread 0x000002335fe607f0  744       3       java.lang.invoke.MemberName::getInvocationType (56 bytes)
Event: 0.833 Thread 0x000002335fe607f0 nmethod 744 0x0000023349da1d90 code [0x0000023349da1fc0, 0x0000023349da28e8]
Event: 0.835 Thread 0x000002335fe607f0  745       3       java.lang.invoke.MemberName::getModifiers (8 bytes)
Event: 0.835 Thread 0x000002335fe607f0 nmethod 745 0x0000023349da2b90 code [0x0000023349da2d20, 0x0000023349da2e38]
Event: 0.835 Thread 0x000002335fe607f0  746       3       sun.invoke.util.Wrapper::hashPrim (30 bytes)
Event: 0.837 Thread 0x000002335fe607f0 nmethod 746 0x0000023349da2f10 code [0x0000023349da31a0, 0x0000023349da3e68]
Event: 0.837 Thread 0x000002335fe607f0  747       3       jdk.internal.org.objectweb.asm.Type::getArgumentsAndReturnSizes (140 bytes)

GC Heap History (0 events):
No events

Deoptimization events (20 events):
Event: 0.486 Thread 0x0000023341e40a60 DEOPT PACKING pc=0x0000023349d358b4 sp=0x000000d741ffe290
Event: 0.486 Thread 0x0000023341e40a60 DEOPT UNPACKING pc=0x0000023349716763 sp=0x000000d741ffd700 mode 0
Event: 0.503 Thread 0x0000023341e40a60 Uncommon trap: trap_request=0xffffff45 fr.pc=0x00000233511b9c14 relative=0x0000000000000454
Event: 0.503 Thread 0x0000023341e40a60 Uncommon trap: reason=unstable_if action=reinterpret pc=0x00000233511b9c14 method=java.util.jar.Manifest$FastInputStream.readLine([BII)I @ 106 c2
Event: 0.503 Thread 0x0000023341e40a60 DEOPT PACKING pc=0x00000233511b9c14 sp=0x000000d741ffe0e0
Event: 0.503 Thread 0x0000023341e40a60 DEOPT UNPACKING pc=0x0000023349715c23 sp=0x000000d741ffe070 mode 2
Event: 0.503 Thread 0x0000023341e40a60 Uncommon trap: trap_request=0xffffff45 fr.pc=0x00000233511b74d4 relative=0x0000000000000514
Event: 0.503 Thread 0x0000023341e40a60 Uncommon trap: reason=unstable_if action=reinterpret pc=0x00000233511b74d4 method=java.util.jar.Manifest$FastInputStream.readLine([BII)I @ 106 c2
Event: 0.503 Thread 0x0000023341e40a60 DEOPT PACKING pc=0x00000233511b74d4 sp=0x000000d741ffe0d0
Event: 0.503 Thread 0x0000023341e40a60 DEOPT UNPACKING pc=0x0000023349715c23 sp=0x000000d741ffe070 mode 2
Event: 0.598 Thread 0x0000023341e40a60 Uncommon trap: trap_request=0xffffff45 fr.pc=0x00000233511bb674 relative=0x0000000000000174
Event: 0.598 Thread 0x0000023341e40a60 Uncommon trap: reason=unstable_if action=reinterpret pc=0x00000233511bb674 method=java.lang.StringCoding.hasNegatives([BII)Z @ 12 c2
Event: 0.598 Thread 0x0000023341e40a60 DEOPT PACKING pc=0x00000233511bb674 sp=0x000000d741ffdfd0
Event: 0.598 Thread 0x0000023341e40a60 DEOPT UNPACKING pc=0x0000023349715c23 sp=0x000000d741ffdf60 mode 2
Event: 0.605 Thread 0x0000023341e40a60 DEOPT PACKING pc=0x0000023349d55e56 sp=0x000000d741ffdfd0
Event: 0.605 Thread 0x0000023341e40a60 DEOPT UNPACKING pc=0x0000023349716763 sp=0x000000d741ffd458 mode 0
Event: 0.675 Thread 0x0000023341e40a60 DEOPT PACKING pc=0x0000023349c91433 sp=0x000000d741ffd420
Event: 0.675 Thread 0x0000023341e40a60 DEOPT UNPACKING pc=0x0000023349716763 sp=0x000000d741ffc908 mode 0
Event: 0.684 Thread 0x0000023341e40a60 DEOPT PACKING pc=0x0000023349d55e56 sp=0x000000d741ffd0d0
Event: 0.684 Thread 0x0000023341e40a60 DEOPT UNPACKING pc=0x0000023349716763 sp=0x000000d741ffc558 mode 0

Classes unloaded (0 events):
No events

Classes redefined (0 events):
No events

Internal exceptions (11 events):
Event: 0.159 Thread 0x0000023341e40a60 Exception <a 'java/lang/NoSuchMethodError'{0x000000008b2d49e0}: 'java.lang.Object java.lang.invoke.DirectMethodHandle$Holder.invokeStaticInit(java.lang.Object)'> (0x000000008b2d49e0) 
thrown [s\open\src\hotspot\share\interpreter\linkResolver.cpp, line 759]
Event: 0.198 Thread 0x0000023341e40a60 Exception <a 'java/lang/NoSuchMethodError'{0x000000008b18c478}: 'int java.lang.invoke.DirectMethodHandle$Holder.invokeSpecial(java.lang.Object, java.lang.Object, java.lang.Object)'> (0x000000008b18c478) 
thrown [s\open\src\hotspot\share\interpreter\linkResolver.cpp, line 759]
Event: 0.315 Thread 0x0000023360a92ae0 Exception <a 'java/lang/NoSuchMethodError'{0x000000008aface90}: 'void java.lang.invoke.DirectMethodHandle$Holder.invokeStatic(java.lang.Object, long)'> (0x000000008aface90) 
thrown [s\open\src\hotspot\share\interpreter\linkResolver.cpp, line 759]
Event: 0.316 Thread 0x0000023360a92ae0 Exception <a 'java/lang/NoSuchMethodError'{0x000000008afb2580}: 'java.lang.Object java.lang.invoke.DirectMethodHandle$Holder.newInvokeSpecial(java.lang.Object, long)'> (0x000000008afb2580) 
thrown [s\open\src\hotspot\share\interpreter\linkResolver.cpp, line 759]
Event: 0.320 Thread 0x0000023360a92ae0 Exception <a 'java/lang/NoSuchMethodError'{0x000000008afbe0e8}: 'java.lang.Object java.lang.invoke.DirectMethodHandle$Holder.invokeStaticInit(java.lang.Object, java.lang.Object, long, java.lang.Object)'> (0x000000008afbe0e8) 
thrown [s\open\src\hotspot\share\interpreter\linkResolver.cpp, line 759]
Event: 0.321 Thread 0x0000023360a92ae0 Exception <a 'java/lang/NoSuchMethodError'{0x000000008afc47a8}: 'java.lang.Object java.lang.invoke.DirectMethodHandle$Holder.newInvokeSpecial(java.lang.Object, java.lang.Object, long)'> (0x000000008afc47a8) 
thrown [s\open\src\hotspot\share\interpreter\linkResolver.cpp, line 759]
Event: 0.322 Thread 0x0000023360a92ae0 Exception <a 'java/lang/NoSuchMethodError'{0x000000008afc8a98}: 'java.lang.Object java.lang.invoke.Invokers$Holder.linkToTargetMethod(java.lang.Object, long, java.lang.Object)'> (0x000000008afc8a98) 
thrown [s\open\src\hotspot\share\interpreter\linkResolver.cpp, line 759]
Event: 0.731 Thread 0x0000023341e40a60 Exception <a 'java/lang/NoSuchMethodError'{0x000000008a698be8}: 'void java.lang.invoke.DirectMethodHandle$Holder.invokeStatic(java.lang.Object, java.lang.Object, java.lang.Object)'> (0x000000008a698be8) 
thrown [s\open\src\hotspot\share\interpreter\linkResolver.cpp, line 759]
Event: 0.812 Thread 0x0000023341e40a60 Exception <a 'java/lang/NoSuchMethodError'{0x000000008a54eda0}: 'void java.lang.invoke.DirectMethodHandle$Holder.invokeSpecial(java.lang.Object, java.lang.Object, java.lang.Object)'> (0x000000008a54eda0) 
thrown [s\open\src\hotspot\share\interpreter\linkResolver.cpp, line 759]
Event: 0.822 Thread 0x0000023341e40a60 Exception <a 'java/lang/NoSuchMethodError'{0x000000008a581420}: 'int java.lang.invoke.DirectMethodHandle$Holder.invokeVirtual(java.lang.Object, java.lang.Object)'> (0x000000008a581420) 
thrown [s\open\src\hotspot\share\interpreter\linkResolver.cpp, line 759]
Event: 0.832 Thread 0x0000023341e40a60 Exception <a 'java/lang/NoSuchMethodError'{0x000000008a5a20b0}: 'java.lang.Object java.lang.invoke.DirectMethodHandle$Holder.invokeStaticInit(java.lang.Object, int)'> (0x000000008a5a20b0) 
thrown [s\open\src\hotspot\share\interpreter\linkResolver.cpp, line 759]

VM Operations (6 events):
Event: 0.093 Executing VM operation: HandshakeAllThreads
Event: 0.093 Executing VM operation: HandshakeAllThreads done
Event: 0.277 Executing VM operation: HandshakeAllThreads
Event: 0.277 Executing VM operation: HandshakeAllThreads done
Event: 0.694 Executing VM operation: HandshakeAllThreads
Event: 0.694 Executing VM operation: HandshakeAllThreads done

Events (20 events):
Event: 0.823 loading class java/util/stream/MatchOps
Event: 0.824 loading class java/util/stream/MatchOps done
Event: 0.824 loading class java/util/stream/MatchOps$MatchOp
Event: 0.824 loading class java/util/stream/MatchOps$MatchOp done
Event: 0.824 loading class java/util/stream/MatchOps$BooleanTerminalSink
Event: 0.824 loading class java/util/stream/MatchOps$BooleanTerminalSink done
Event: 0.825 loading class java/util/stream/MatchOps$1MatchSink
Event: 0.825 loading class java/util/stream/MatchOps$1MatchSink done
Event: 0.828 loading class java/io/UnsupportedEncodingException
Event: 0.828 loading class java/io/UnsupportedEncodingException done
Event: 0.828 loading class java/lang/AssertionError
Event: 0.829 loading class java/lang/AssertionError done
Event: 0.831 loading class java/util/Formatter$FixedString
Event: 0.831 loading class java/util/Formatter$FixedString done
Event: 0.833 loading class java/net/URLEncoder
Event: 0.834 loading class java/net/URLEncoder done
Event: 0.834 loading class java/util/BitSet
Event: 0.834 loading class java/util/BitSet done
Event: 0.835 loading class java/io/CharArrayWriter
Event: 0.835 loading class java/io/CharArrayWriter done


Dynamic libraries:
0x00007ff756b10000 - 0x00007ff756b20000 	C:\Program Files\Java\jdk-17.0.4.1\bin\java.exe
0x00007ff8d5660000 - 0x00007ff8d5869000 	C:\WINDOWS\SYSTEM32\ntdll.dll
0x00007ff8d4f10000 - 0x00007ff8d4fcd000 	C:\WINDOWS\System32\KERNEL32.DLL
0x00007ff8d2f20000 - 0x00007ff8d329b000 	C:\WINDOWS\System32\KERNELBASE.dll
0x00007ff8d2b00000 - 0x00007ff8d2c11000 	C:\WINDOWS\System32\ucrtbase.dll
0x00007ff8b8ef0000 - 0x00007ff8b8f08000 	C:\Program Files\Java\jdk-17.0.4.1\bin\jli.dll
0x00007ff8d44d0000 - 0x00007ff8d457e000 	C:\WINDOWS\System32\ADVAPI32.dll
0x00007ff8d4fd0000 - 0x00007ff8d5073000 	C:\WINDOWS\System32\msvcrt.dll
0x00007ff8d4430000 - 0x00007ff8d44ce000 	C:\WINDOWS\System32\sechost.dll
0x00007ff8b9190000 - 0x00007ff8b91aa000 	C:\Program Files\Java\jdk-17.0.4.1\bin\VCRUNTIME140.dll
0x00007ff8d34b0000 - 0x00007ff8d35d0000 	C:\WINDOWS\System32\RPCRT4.dll
0x00007ff8d3bc0000 - 0x00007ff8d3d6d000 	C:\WINDOWS\System32\USER32.dll
0x00007ff8d3480000 - 0x00007ff8d34a6000 	C:\WINDOWS\System32\win32u.dll
0x00007ff8d3a40000 - 0x00007ff8d3a69000 	C:\WINDOWS\System32\GDI32.dll
0x00007ff8d32a0000 - 0x00007ff8d33b8000 	C:\WINDOWS\System32\gdi32full.dll
0x00007ff8d2d10000 - 0x00007ff8d2dad000 	C:\WINDOWS\System32\msvcp_win.dll
0x00007ff8b53b0000 - 0x00007ff8b5655000 	C:\WINDOWS\WinSxS\amd64_microsoft.windows.common-controls_6595b64144ccf1df_6.0.22000.120_none_9d947278b86cc467\COMCTL32.dll
0x00007ff8c5690000 - 0x00007ff8c569a000 	C:\WINDOWS\SYSTEM32\VERSION.dll
0x00007ff8d55b0000 - 0x00007ff8d55e1000 	C:\WINDOWS\System32\IMM32.DLL
0x00007ff8b9750000 - 0x00007ff8b975c000 	C:\Program Files\Java\jdk-17.0.4.1\bin\vcruntime140_1.dll
0x00007ff89cc50000 - 0x00007ff89ccdd000 	C:\Program Files\Java\jdk-17.0.4.1\bin\msvcp140.dll
0x00007ff86a9b0000 - 0x00007ff86b572000 	C:\Program Files\Java\jdk-17.0.4.1\bin\server\jvm.dll
0x00007ff8d45e0000 - 0x00007ff8d45e8000 	C:\WINDOWS\System32\PSAPI.DLL
0x00007ff8cb120000 - 0x00007ff8cb153000 	C:\WINDOWS\SYSTEM32\WINMM.dll
0x00007ff8b6010000 - 0x00007ff8b6019000 	C:\WINDOWS\SYSTEM32\WSOCK32.dll
0x00007ff8d4e10000 - 0x00007ff8d4e7f000 	C:\WINDOWS\System32\WS2_32.dll
0x00007ff8d1bc0000 - 0x00007ff8d1bd8000 	C:\WINDOWS\SYSTEM32\kernel.appcore.dll
0x00007ff8b9010000 - 0x00007ff8b901a000 	C:\Program Files\Java\jdk-17.0.4.1\bin\jimage.dll
0x00007ff8d01d0000 - 0x00007ff8d03f1000 	C:\WINDOWS\SYSTEM32\DBGHELP.DLL
0x00007ff8b4bc0000 - 0x00007ff8b4bf1000 	C:\WINDOWS\SYSTEM32\dbgcore.DLL
0x00007ff8d2c90000 - 0x00007ff8d2d0f000 	C:\WINDOWS\System32\bcryptPrimitives.dll
0x00007ff89fde0000 - 0x00007ff89fe05000 	C:\Program Files\Java\jdk-17.0.4.1\bin\java.dll
0x00007ff88d6e0000 - 0x00007ff88d7b6000 	C:\Program Files\Java\jdk-17.0.4.1\bin\jsvml.dll
0x00007ff8d45f0000 - 0x00007ff8d4da8000 	C:\WINDOWS\System32\SHELL32.dll
0x00007ff8d0bb0000 - 0x00007ff8d1415000 	C:\WINDOWS\SYSTEM32\windows.storage.dll
0x00007ff8d5230000 - 0x00007ff8d55a7000 	C:\WINDOWS\System32\combase.dll
0x00007ff8d0a40000 - 0x00007ff8d0ba6000 	C:\WINDOWS\SYSTEM32\wintypes.dll
0x00007ff8d3ad0000 - 0x00007ff8d3bba000 	C:\WINDOWS\System32\SHCORE.dll
0x00007ff8d4580000 - 0x00007ff8d45dd000 	C:\WINDOWS\System32\shlwapi.dll
0x00007ff8d2a30000 - 0x00007ff8d2a51000 	C:\WINDOWS\SYSTEM32\profapi.dll
0x00007ff8acd10000 - 0x00007ff8acd29000 	C:\Program Files\Java\jdk-17.0.4.1\bin\net.dll
0x00007ff8cce20000 - 0x00007ff8ccf2c000 	C:\WINDOWS\SYSTEM32\WINHTTP.dll
0x00007ff8d2110000 - 0x00007ff8d2177000 	C:\WINDOWS\system32\mswsock.dll
0x00007ff8ac820000 - 0x00007ff8ac836000 	C:\Program Files\Java\jdk-17.0.4.1\bin\nio.dll
0x00007ff8a7850000 - 0x00007ff8a7868000 	C:\Program Files\Java\jdk-17.0.4.1\bin\zip.dll
0x00007ff8bfa30000 - 0x00007ff8bfa39000 	C:\Program Files\Java\jdk-17.0.4.1\bin\management.dll
0x00007ff8b9760000 - 0x00007ff8b976b000 	C:\Program Files\Java\jdk-17.0.4.1\bin\management_ext.dll
0x00007ff8a7400000 - 0x00007ff8a7410000 	C:\Program Files\Java\jdk-17.0.4.1\bin\verify.dll

dbghelp: loaded successfully - version: 4.0.5 - missing functions: none
symbol engine: initialized successfully - sym options: 0x614 - pdb path: .;C:\Program Files\Java\jdk-17.0.4.1\bin;C:\WINDOWS\SYSTEM32;C:\WINDOWS\WinSxS\amd64_microsoft.windows.common-controls_6595b64144ccf1df_6.0.22000.120_none_9d947278b86cc467;C:\Program Files\Java\jdk-17.0.4.1\bin\server

VM Arguments:
java_command: C:\Users\Yassine\AppData\Local\Temp\surefire4763120466698392446\surefirebooter17991942030908382086.jar C:\Users\Yassine\AppData\Local\Temp\surefire4763120466698392446 2022-10-20T10-42-23_800-jvmRun1 surefire1716720758787364041tmp surefire_08624482632707250281tmp
java_class_path (initial): C:\Users\Yassine\AppData\Local\Temp\surefire4763120466698392446\surefirebooter17991942030908382086.jar
Launcher Type: SUN_STANDARD

[Global flags]
     intx CICompilerCount                          = 4                                         {product} {ergonomic}
     uint ConcGCThreads                            = 2                                         {product} {ergonomic}
     uint G1ConcRefinementThreads                  = 8                                         {product} {ergonomic}
   size_t G1HeapRegionSize                         = 1048576                                   {product} {ergonomic}
    uintx GCDrainStackTargetSize                   = 64                                        {product} {ergonomic}
   size_t InitialHeapSize                          = 132120576                                 {product} {ergonomic}
   size_t MarkStackSize                            = 4194304                                   {product} {ergonomic}
   size_t MaxHeapSize                              = 2090860544                                {product} {ergonomic}
   size_t MaxNewSize                               = 1254096896                                {product} {ergonomic}
   size_t MinHeapDeltaBytes                        = 1048576                                   {product} {ergonomic}
   size_t MinHeapSize                              = 8388608                                   {product} {ergonomic}
    uintx NonNMethodCodeHeapSize                   = 5839372                                {pd product} {ergonomic}
    uintx NonProfiledCodeHeapSize                  = 122909434                              {pd product} {ergonomic}
    uintx ProfiledCodeHeapSize                     = 122909434                              {pd product} {ergonomic}
    uintx ReservedCodeCacheSize                    = 251658240                              {pd product} {ergonomic}
     bool SegmentedCodeCache                       = true                                      {product} {ergonomic}
   size_t SoftMaxHeapSize                          = 2090860544                             {manageable} {ergonomic}
     bool UseCompressedClassPointers               = true                           {product lp64_product} {ergonomic}
     bool UseCompressedOops                        = true                           {product lp64_product} {ergonomic}
     bool UseG1GC                                  = true                                      {product} {ergonomic}
     bool UseLargePagesIndividualAllocation        = false                                  {pd product} {ergonomic}

Logging:
Log output configuration:
 #0: stdout all=warning uptime,level,tags
 #1: stderr all=off uptime,level,tags

Environment Variables:
JAVA_HOME=C:\Program Files\Java\jdk-17.0.4.1
CLASSPATH=.;C:\jade\JADE-bin-4.5.0\jade\lib\jade.jar
PATH=C:\Program Files\Common Files\Oracle\Java\javapath;C:\apache-maven-3.8.4\bin;C:\Program Files\Java\jdk-17.0.4.1\bin;C:\Program Files (x86)\Common Files\Oracle\Java\javapath;C:\WINDOWS\system32;C:\WINDOWS;C:\WINDOWS\System32\Wbem;C:\WINDOWS\System32\WindowsPowerShell\v1.0\;C:\WINDOWS\System32\OpenSSH\;C:\Program Files\nodejs\;C:\Program Files\Git\cmd;C:\Program Files\GTK3-Runtime Win64\bin;C:\laragon\bin\php\php-7.2.19-Win32-VC15-x64;C:\ProgramData\ComposerSetup\bin;C:\Program Files (x86)\dotnet\;C:\Program Files\Docker\Docker\resources\bin;C:\ProgramData\DockerDesktop\version-bin;C:\Users\Yassine\AppData\Local\Microsoft\WindowsApps;C:\Users\Yassine\AppData\Roaming\npm;C:\Program Files\JetBrains\IntelliJ IDEA 2021.3.2\bin;;C:\Program Files\JetBrains\PyCharm 2021.3.2\bin;;C:\Users\Yassine\AppData\Roaming\Composer\vendor\bin
USERNAME=Yassine
OS=Windows_NT
PROCESSOR_IDENTIFIER=Intel64 Family 6 Model 140 Stepping 1, GenuineIntel



---------------  S Y S T E M  ---------------

OS:
 Windows 11 , 64 bit Build 22000 (10.0.22000.708)
OS uptime: 4 days 1:22 hours
Hyper-V role detected

CPU: total 8 (initial active 8) (4 cores per cpu, 2 threads per core) family 6 model 140 stepping 1 microcode 0x86, cx8, cmov, fxsr, ht, mmx, 3dnowpref, sse, sse2, sse3, ssse3, sse4.1, sse4.2, popcnt, lzcnt, tsc, tscinvbit, avx, avx2, aes, erms, clmul, bmi1, bmi2, adx, avx512f, avx512dq, avx512cd, avx512bw, avx512vl, sha, fma, vzeroupper, avx512_vpopcntdq, avx512_vpclmulqdq, avx512_vaes, avx512_vnni, clflush, clflushopt, clwb, avx512_vbmi2, avx512_vbmi, hv

Memory: 4k page, system-wide physical 7975M (22M free)
TotalPageFile size 32551M (AvailPageFile size 7M)
current process WorkingSet (physical memory assigned to process): 63M, peak: 63M
current process commit charge ("private bytes"): 223M, peak: 223M

vm_info: Java HotSpot(TM) 64-Bit Server VM (17.0.4.1+1-LTS-2) for windows-amd64 JRE (17.0.4.1+1-LTS-2), built on Aug 16 2022 18:32:06 by "mach5one" with MS VC++ 16.8 / 16.9 (VS2019)

END.
